2016-11-19 04:46:14,248 [MainThread  ] [INFO ]  starting yield generator
2016-11-19 04:46:14,249 [MainThread  ] [DEBUG]  get_utxos_by_mixdepth = 
{0: {}, 1: {}, 2: {}, 3: {}, 4: {}}
2016-11-19 04:46:14,249 [MainThread  ] [ERROR]  do not have any coins left
2016-11-19 04:46:14,249 [MainThread  ] [INFO ]  connecting to message channels
2016-11-19 04:46:14,250 [PingThread  ] [DEBUG]  starting ping thread
2016-11-19 04:46:14,250 [ThrottleThre] [DEBUG]  starting throttle thread
2016-11-19 04:46:14,250 [MCThread    ] [INFO ]  connecting to host irc.cyberguerrilla.org6697
2016-11-19 04:46:14,251 [PingThread  ] [DEBUG]  starting ping thread
2016-11-19 04:46:14,251 [MCThread    ] [INFO ]  connecting to host agora.anarplex.net14716
2016-11-19 04:46:14,252 [ThrottleThre] [DEBUG]  starting throttle thread
2016-11-19 04:46:16,451 [MCThread    ] [DEBUG]  found network name: CgAn;
2016-11-19 04:46:17,055 [MCThread    ] [INFO ]  Connected to IRC and joined channel on CgAn 
2016-11-19 04:46:18,226 [MCThread    ] [DEBUG]  found network name: agora-irc;
2016-11-19 04:46:19,740 [MCThread    ] [INFO ]  Connected to IRC and joined channel on agora-irc 
2016-11-19 04:51:39,103 [MCThread    ] [INFO ]  <<pubmsg on CgAn: nick=J53ah3kCY4D7cxXd message=!reloffer 0 200000 4943501376 0 0.0001 ~
2016-11-19 04:52:19,379 [MCThread    ] [INFO ]  <<pubmsg on CgAn: nick=J5Cj9RBjvSUnNRZS message=!reloffer 0 0 7541711961 0 0.000123 ~
2016-11-19 04:52:19,379 [MCThread    ] [DEBUG]  J5Cj9RBjvSUnNRZS has dusty minsize, capping at 27300
2016-11-19 05:00:04,417 [MCThread    ] [INFO ]  <<pubmsg on CgAn: nick=J5iweygvSSV378dO message=!orderbook
2016-11-19 05:01:14,815 [ThrottleThre] [WARNI]  failed to send ping message on socket
2016-11-19 05:02:14,815 [PingThread  ] [WARNI]  irc ping timed out
2016-11-19 05:02:14,815 [PingThread  ] [INFO ]  errored while trying to quit: error(9, 'Bad file descriptor')
2016-11-19 05:04:34,621 [MainThread  ] [WARNI]  Quitting! Dumping object contents to logfile.
2016-11-19 05:04:34,621 [MainThread  ] [DEBUG]  Class debug dump, name:Wallet
2016-11-19 05:04:34,621 [MainThread  ] [DEBUG]  key=unspent
2016-11-19 05:04:34,621 [MainThread  ] [DEBUG]  {}
2016-11-19 05:04:34,621 [MainThread  ] [DEBUG]  key=gaplimit
2016-11-19 05:04:34,621 [MainThread  ] [DEBUG]  6
2016-11-19 05:04:34,621 [MainThread  ] [DEBUG]  key=index
2016-11-19 05:04:34,622 [MainThread  ] [DEBUG]  [[1, 0], [0, 0], [0, 0], [0, 0], [0, 0]]
2016-11-19 05:04:34,622 [MainThread  ] [DEBUG]  key=index_cache
2016-11-19 05:04:34,622 [MainThread  ] [DEBUG]  [[0, 0], [0, 0], [0, 0], [0, 0], [0, 0]]
2016-11-19 05:04:34,622 [MainThread  ] [DEBUG]  key=spent_utxos
2016-11-19 05:04:34,622 [MainThread  ] [DEBUG]  []
2016-11-19 05:04:34,622 [MainThread  ] [DEBUG]  key=utxo_selector
2016-11-19 05:04:34,622 [MainThread  ] [DEBUG]  <function select at 0x7fb6d10a19b0>
2016-11-19 05:04:34,622 [MainThread  ] [DEBUG]  key=path
2016-11-19 05:04:34,622 [MainThread  ] [DEBUG]  string: len:19
2016-11-19 05:04:34,622 [MainThread  ] [DEBUG]  wallets/wallet.json
2016-11-19 05:04:34,622 [MainThread  ] [DEBUG]  key=storepassword
2016-11-19 05:04:34,622 [MainThread  ] [DEBUG]  False
2016-11-19 05:04:34,622 [MainThread  ] [DEBUG]  key=max_mix_depth
2016-11-19 05:04:34,622 [MainThread  ] [DEBUG]  5
2016-11-19 05:04:34,623 [MainThread  ] [DEBUG]  key=imported_privkeys
2016-11-19 05:04:34,623 [MainThread  ] [DEBUG]  {}
2016-11-19 05:04:34,623 [MainThread  ] [DEBUG]  Class debug dump, name:YieldGeneratorBasic
2016-11-19 05:04:34,623 [MainThread  ] [DEBUG]  key=wallet_unspent_lock
2016-11-19 05:04:34,623 [MainThread  ] [DEBUG]  <_RLock owner=None count=0>
2016-11-19 05:04:34,623 [MainThread  ] [DEBUG]  key=dblock
2016-11-19 05:04:34,623 [MainThread  ] [DEBUG]  <thread.lock object at 0x7fb6d45f8b50>
2016-11-19 05:04:34,623 [MainThread  ] [DEBUG]  key=ordertype
2016-11-19 05:04:34,623 [MainThread  ] [DEBUG]  string: len:8
2016-11-19 05:04:34,623 [MainThread  ] [DEBUG]  reloffer
2016-11-19 05:04:34,623 [MainThread  ] [DEBUG]  key=nextoid
2016-11-19 05:04:34,623 [MainThread  ] [DEBUG]  -1
2016-11-19 05:04:34,623 [MainThread  ] [DEBUG]  key=db
2016-11-19 05:04:34,623 [MainThread  ] [DEBUG]  <sqlite3.Cursor object at 0x7fb6d089a650>
2016-11-19 05:04:34,623 [MainThread  ] [DEBUG]  key=cjfee_r
2016-11-19 05:04:34,623 [MainThread  ] [DEBUG]  string: len:6
2016-11-19 05:04:34,623 [MainThread  ] [DEBUG]  0.0002
2016-11-19 05:04:34,623 [MainThread  ] [DEBUG]  key=wallet
2016-11-19 05:04:34,623 [MainThread  ] [DEBUG]  <joinmarket.wallet.Wallet object at 0x7fb6d2384e10>
2016-11-19 05:04:34,623 [MainThread  ] [DEBUG]  key=minsize
2016-11-19 05:04:34,623 [MainThread  ] [DEBUG]  100000
2016-11-19 05:04:34,623 [MainThread  ] [DEBUG]  key=txfee
2016-11-19 05:04:34,624 [MainThread  ] [DEBUG]  1000
2016-11-19 05:04:34,624 [MainThread  ] [DEBUG]  key=mix_levels
2016-11-19 05:04:34,624 [MainThread  ] [DEBUG]  5
2016-11-19 05:04:34,624 [MainThread  ] [DEBUG]  key=orderlist
2016-11-19 05:04:34,624 [MainThread  ] [DEBUG]  []
2016-11-19 05:04:34,624 [MainThread  ] [DEBUG]  key=msgchan
2016-11-19 05:04:34,624 [MainThread  ] [DEBUG]  <joinmarket.message_channel.MessageChannelCollection object at 0x7fb6d08d5ed0>
2016-11-19 05:04:34,624 [MainThread  ] [DEBUG]  key=income_statement
2016-11-19 05:04:34,624 [MainThread  ] [DEBUG]  <closed file 'logs/yigen-statement.csv', mode 'a' at 0x7fb6d0fecae0>
2016-11-19 05:04:34,624 [MainThread  ] [DEBUG]  key=tx_unconfirm_timestamp
2016-11-19 05:04:34,624 [MainThread  ] [DEBUG]  {}
2016-11-19 05:04:34,624 [MainThread  ] [DEBUG]  key=cjfee_a
2016-11-19 05:04:34,624 [MainThread  ] [DEBUG]  200
2016-11-19 05:04:34,624 [MainThread  ] [DEBUG]  key=active_orders
2016-11-19 05:04:34,624 [MainThread  ] [DEBUG]  {}
2016-11-19 05:04:34,624 [MainThread  ] [DEBUG]  Class debug dump, name:MessageChannelCollection
2016-11-19 05:04:34,624 [MainThread  ] [DEBUG]  key=nicks_seen
2016-11-19 05:04:34,625 [MainThread  ] [DEBUG]  {<joinmarket.irc.IRCMessageChannel object at 0x7fb6d089e0d0>: set(['J53ah3kCY4D7cxXd',
                                                                   'J5Cj9RBjvSUnNRZS',
                                                                   'J5iweygvSSV378dO']),
 <joinmarket.irc.IRCMessageChannel object at 0x7fb6d089e3d0>: set([])}
2016-11-19 05:04:34,625 [MainThread  ] [DEBUG]  key=nick
2016-11-19 05:04:34,625 [MainThread  ] [DEBUG]  string: len:16
2016-11-19 05:04:34,625 [MainThread  ] [DEBUG]  J5Af1zcUBiRCjx7W
2016-11-19 05:04:34,625 [MainThread  ] [DEBUG]  key=active_channels
2016-11-19 05:04:34,625 [MainThread  ] [DEBUG]  {'J53ah3kCY4D7cxXd': <joinmarket.irc.IRCMessageChannel object at 0x7fb6d089e0d0>,
 'J5Cj9RBjvSUnNRZS': <joinmarket.irc.IRCMessageChannel object at 0x7fb6d089e0d0>}
2016-11-19 05:04:34,625 [MainThread  ] [DEBUG]  key=nick_pkh
2016-11-19 05:04:34,625 [MainThread  ] [DEBUG]  string: len:14
2016-11-19 05:04:34,625 [MainThread  ] [DEBUG]  Af1zcUBiRCjx7W
2016-11-19 05:04:34,625 [MainThread  ] [DEBUG]  key=welcomed
2016-11-19 05:04:34,625 [MainThread  ] [DEBUG]  True
2016-11-19 05:04:34,625 [MainThread  ] [DEBUG]  key=on_connect
2016-11-19 05:04:34,625 [MainThread  ] [DEBUG]  None
2016-11-19 05:04:34,625 [MainThread  ] [DEBUG]  key=on_order_seen
2016-11-19 05:04:34,625 [MainThread  ] [DEBUG]  <bound method YieldGeneratorBasic.on_order_seen of <__main__.YieldGeneratorBasic object at 0x7fb6d089e6d0>>
2016-11-19 05:04:34,625 [MainThread  ] [DEBUG]  key=mc_status
2016-11-19 05:04:34,626 [MainThread  ] [DEBUG]  {<joinmarket.irc.IRCMessageChannel object at 0x7fb6d089e0d0>: 1,
 <joinmarket.irc.IRCMessageChannel object at 0x7fb6d089e3d0>: 1}
2016-11-19 05:04:34,626 [MainThread  ] [DEBUG]  key=nick_pubkey
2016-11-19 05:04:34,626 [MainThread  ] [DEBUG]  string: len:66
2016-11-19 05:04:34,626 [MainThread  ] [DEBUG]  027f5c0d0b04887cc4be7105eec08f6a1d314ded52769b220228a32bd811d4256e
2016-11-19 05:04:34,626 [MainThread  ] [DEBUG]  key=give_up
2016-11-19 05:04:34,626 [MainThread  ] [DEBUG]  False
2016-11-19 05:04:34,626 [MainThread  ] [DEBUG]  key=mc_lock
2016-11-19 05:04:34,626 [MainThread  ] [DEBUG]  <thread.lock object at 0x7fb6d45f8b10>
2016-11-19 05:04:34,626 [MainThread  ] [DEBUG]  key=on_disconnect
2016-11-19 05:04:34,626 [MainThread  ] [DEBUG]  None
2016-11-19 05:04:34,626 [MainThread  ] [DEBUG]  key=on_nick_leave
2016-11-19 05:04:34,626 [MainThread  ] [DEBUG]  <bound method YieldGeneratorBasic.on_nick_leave of <__main__.YieldGeneratorBasic object at 0x7fb6d089e6d0>>
2016-11-19 05:04:34,626 [MainThread  ] [DEBUG]  key=on_welcome
2016-11-19 05:04:34,626 [MainThread  ] [DEBUG]  <bound method YieldGeneratorBasic.on_welcome of <__main__.YieldGeneratorBasic object at 0x7fb6d089e6d0>>
2016-11-19 05:04:34,626 [MainThread  ] [DEBUG]  key=on_nick_change
2016-11-19 05:04:34,626 [MainThread  ] [DEBUG]  None
2016-11-19 05:04:34,626 [MainThread  ] [DEBUG]  key=mchannels
2016-11-19 05:04:34,626 [MainThread  ] [DEBUG]  [<joinmarket.irc.IRCMessageChannel object at 0x7fb6d089e0d0>,
 <joinmarket.irc.IRCMessageChannel object at 0x7fb6d089e3d0>]
2016-11-19 05:04:34,626 [MainThread  ] [DEBUG]  key=on_orderbook_requested
2016-11-19 05:04:34,626 [MainThread  ] [DEBUG]  <bound method YieldGeneratorBasic.on_orderbook_requested of <__main__.YieldGeneratorBasic object at 0x7fb6d089e6d0>>
2016-11-19 05:04:34,627 [MainThread  ] [DEBUG]  Traceback (most recent call last):
  File "/root/joinmarket/joinmarket/yieldgenerator.py", line 162, in ygmain
    mcc.run()
  File "/root/joinmarket/joinmarket/message_channel.py", line 193, in run
    time.sleep(1)
KeyboardInterrupt

